[2023-04-29T18:53:34.275+0000] {taskinstance.py:1165} INFO - Dependencies all met for <TaskInstance: parallel_dag.transform manual__2023-04-29T18:52:39.622344+00:00 [queued]>
[2023-04-29T18:53:34.290+0000] {taskinstance.py:1165} INFO - Dependencies all met for <TaskInstance: parallel_dag.transform manual__2023-04-29T18:52:39.622344+00:00 [queued]>
[2023-04-29T18:53:34.293+0000] {taskinstance.py:1362} INFO - 
--------------------------------------------------------------------------------
[2023-04-29T18:53:34.294+0000] {taskinstance.py:1363} INFO - Starting attempt 1 of 1
[2023-04-29T18:53:34.294+0000] {taskinstance.py:1364} INFO - 
--------------------------------------------------------------------------------
[2023-04-29T18:53:34.311+0000] {taskinstance.py:1383} INFO - Executing <Task(BashOperator): transform> on 2023-04-29 18:52:39.622344+00:00
[2023-04-29T18:53:34.319+0000] {standard_task_runner.py:55} INFO - Started process 3199 to run task
[2023-04-29T18:53:34.323+0000] {standard_task_runner.py:82} INFO - Running: ['***', 'tasks', 'run', 'parallel_dag', 'transform', 'manual__2023-04-29T18:52:39.622344+00:00', '--job-id', '40', '--raw', '--subdir', 'DAGS_FOLDER/parallel_dag.py', '--cfg-path', '/tmp/tmpxxe05r9e']
[2023-04-29T18:53:34.325+0000] {standard_task_runner.py:83} INFO - Job 40: Subtask transform
[2023-04-29T18:53:34.407+0000] {task_command.py:376} INFO - Running <TaskInstance: parallel_dag.transform manual__2023-04-29T18:52:39.622344+00:00 [running]> on host 5768c9b9c651
[2023-04-29T18:53:34.497+0000] {taskinstance.py:1592} INFO - Exporting the following env vars:
AIRFLOW_CTX_DAG_OWNER=***
AIRFLOW_CTX_DAG_ID=parallel_dag
AIRFLOW_CTX_TASK_ID=transform
AIRFLOW_CTX_EXECUTION_DATE=2023-04-29T18:52:39.622344+00:00
AIRFLOW_CTX_TRY_NUMBER=1
AIRFLOW_CTX_DAG_RUN_ID=manual__2023-04-29T18:52:39.622344+00:00
[2023-04-29T18:53:34.503+0000] {subprocess.py:63} INFO - Tmp dir root location: 
 /tmp
[2023-04-29T18:53:34.505+0000] {subprocess.py:75} INFO - Running command: ['/bin/bash', '-c', 'sleep 10']
[2023-04-29T18:53:34.530+0000] {subprocess.py:86} INFO - Output:
[2023-04-29T18:53:44.534+0000] {subprocess.py:97} INFO - Command exited with return code 0
[2023-04-29T18:53:44.570+0000] {taskinstance.py:1406} INFO - Marking task as SUCCESS. dag_id=parallel_dag, task_id=transform, execution_date=20230429T185239, start_date=20230429T185334, end_date=20230429T185344
[2023-04-29T18:53:44.633+0000] {local_task_job.py:164} INFO - Task exited with return code 0
[2023-04-29T18:53:44.660+0000] {local_task_job.py:273} INFO - 0 downstream tasks scheduled from follow-on schedule check
