[2023-04-27T16:49:10.402+0000] {taskinstance.py:1165} INFO - Dependencies all met for <TaskInstance: consumer.read_dataset dataset_triggered__2023-04-27T16:49:02.647751+00:00 [queued]>
[2023-04-27T16:49:10.454+0000] {taskinstance.py:1165} INFO - Dependencies all met for <TaskInstance: consumer.read_dataset dataset_triggered__2023-04-27T16:49:02.647751+00:00 [queued]>
[2023-04-27T16:49:10.456+0000] {taskinstance.py:1362} INFO - 
--------------------------------------------------------------------------------
[2023-04-27T16:49:10.460+0000] {taskinstance.py:1363} INFO - Starting attempt 1 of 1
[2023-04-27T16:49:10.465+0000] {taskinstance.py:1364} INFO - 
--------------------------------------------------------------------------------
[2023-04-27T16:49:10.558+0000] {taskinstance.py:1383} INFO - Executing <Task(_PythonDecoratedOperator): read_dataset> on 2023-04-27 16:49:02.647751+00:00
[2023-04-27T16:49:10.573+0000] {standard_task_runner.py:55} INFO - Started process 27445 to run task
[2023-04-27T16:49:10.582+0000] {standard_task_runner.py:82} INFO - Running: ['***', 'tasks', 'run', 'consumer', 'read_dataset', 'dataset_triggered__2023-04-27T16:49:02.647751+00:00', '--job-id', '27', '--raw', '--subdir', 'DAGS_FOLDER/consumer.py', '--cfg-path', '/tmp/tmpkv4ve002']
[2023-04-27T16:49:10.587+0000] {standard_task_runner.py:83} INFO - Job 27: Subtask read_dataset
[2023-04-27T16:49:10.845+0000] {task_command.py:376} INFO - Running <TaskInstance: consumer.read_dataset dataset_triggered__2023-04-27T16:49:02.647751+00:00 [running]> on host b1a900116e57
[2023-04-27T16:49:11.442+0000] {taskinstance.py:1592} INFO - Exporting the following env vars:
AIRFLOW_CTX_DAG_OWNER=***
AIRFLOW_CTX_DAG_ID=consumer
AIRFLOW_CTX_TASK_ID=read_dataset
AIRFLOW_CTX_EXECUTION_DATE=2023-04-27T16:49:02.647751+00:00
AIRFLOW_CTX_TRY_NUMBER=1
AIRFLOW_CTX_DAG_RUN_ID=dataset_triggered__2023-04-27T16:49:02.647751+00:00
[2023-04-27T16:49:11.449+0000] {logging_mixin.py:120} INFO - producer update
[2023-04-27T16:49:11.455+0000] {python.py:177} INFO - Done. Returned value was: None
[2023-04-27T16:49:11.510+0000] {taskinstance.py:1406} INFO - Marking task as SUCCESS. dag_id=consumer, task_id=read_dataset, execution_date=20230427T164902, start_date=20230427T164910, end_date=20230427T164911
[2023-04-27T16:49:11.591+0000] {local_task_job.py:164} INFO - Task exited with return code 0
[2023-04-27T16:49:11.645+0000] {local_task_job.py:273} INFO - 0 downstream tasks scheduled from follow-on schedule check
