[2023-04-26T14:20:42.906+0000] {taskinstance.py:1165} INFO - Dependencies all met for <TaskInstance: user_processing.create_table manual__2023-04-26T14:20:01.312186+00:00 [queued]>
[2023-04-26T14:20:43.721+0000] {taskinstance.py:1165} INFO - Dependencies all met for <TaskInstance: user_processing.create_table manual__2023-04-26T14:20:01.312186+00:00 [queued]>
[2023-04-26T14:20:43.725+0000] {taskinstance.py:1362} INFO - 
--------------------------------------------------------------------------------
[2023-04-26T14:20:43.728+0000] {taskinstance.py:1363} INFO - Starting attempt 1 of 1
[2023-04-26T14:20:43.737+0000] {taskinstance.py:1364} INFO - 
--------------------------------------------------------------------------------
[2023-04-26T14:20:44.334+0000] {taskinstance.py:1383} INFO - Executing <Task(PostgresOperator): create_table> on 2023-04-26 14:20:01.312186+00:00
[2023-04-26T14:20:44.409+0000] {standard_task_runner.py:55} INFO - Started process 86782 to run task
[2023-04-26T14:20:44.494+0000] {standard_task_runner.py:82} INFO - Running: ['***', 'tasks', 'run', 'user_processing', 'create_table', 'manual__2023-04-26T14:20:01.312186+00:00', '--job-id', '12', '--raw', '--subdir', 'DAGS_FOLDER/user_processing.py', '--cfg-path', '/tmp/tmp91zvtgo3']
[2023-04-26T14:20:44.532+0000] {standard_task_runner.py:83} INFO - Job 12: Subtask create_table
[2023-04-26T14:20:46.435+0000] {task_command.py:376} INFO - Running <TaskInstance: user_processing.create_table manual__2023-04-26T14:20:01.312186+00:00 [running]> on host b1a900116e57
[2023-04-26T14:20:50.772+0000] {taskinstance.py:1592} INFO - Exporting the following env vars:
AIRFLOW_CTX_DAG_OWNER=***
AIRFLOW_CTX_DAG_ID=user_processing
AIRFLOW_CTX_TASK_ID=create_table
AIRFLOW_CTX_EXECUTION_DATE=2023-04-26T14:20:01.312186+00:00
AIRFLOW_CTX_TRY_NUMBER=1
AIRFLOW_CTX_DAG_RUN_ID=manual__2023-04-26T14:20:01.312186+00:00
[2023-04-26T14:20:51.191+0000] {base.py:71} INFO - Using connection ID 'postgres' for task execution.
[2023-04-26T14:20:51.214+0000] {sql.py:315} INFO - Running statement: 
            CREATE TABLE IF NOT EXISTS users (
                firstname TEXT NOT NULL,
                lastname TEXT NOT NULL,
                country TEXT NOT NULL,
                username TEXT NOT NULL,
                password TEXT NOT NULL,
                email TEXT NOT NULL
            );
        , parameters: None
[2023-04-26T14:20:52.559+0000] {taskinstance.py:1406} INFO - Marking task as SUCCESS. dag_id=user_processing, task_id=create_table, execution_date=20230426T142001, start_date=20230426T142043, end_date=20230426T142052
[2023-04-26T14:20:53.460+0000] {local_task_job.py:164} INFO - Task exited with return code 0
[2023-04-26T14:20:54.198+0000] {local_task_job.py:273} INFO - 0 downstream tasks scheduled from follow-on schedule check
