[2023-04-27T04:27:22.973+0000] {taskinstance.py:1165} INFO - Dependencies all met for <TaskInstance: user_processing.store_user scheduled__2023-04-26T00:00:00+00:00 [queued]>
[2023-04-27T04:27:22.993+0000] {taskinstance.py:1165} INFO - Dependencies all met for <TaskInstance: user_processing.store_user scheduled__2023-04-26T00:00:00+00:00 [queued]>
[2023-04-27T04:27:22.995+0000] {taskinstance.py:1362} INFO - 
--------------------------------------------------------------------------------
[2023-04-27T04:27:22.997+0000] {taskinstance.py:1363} INFO - Starting attempt 1 of 1
[2023-04-27T04:27:22.998+0000] {taskinstance.py:1364} INFO - 
--------------------------------------------------------------------------------
[2023-04-27T04:27:23.026+0000] {taskinstance.py:1383} INFO - Executing <Task(PythonOperator): store_user> on 2023-04-26 00:00:00+00:00
[2023-04-27T04:27:23.035+0000] {standard_task_runner.py:55} INFO - Started process 7161 to run task
[2023-04-27T04:27:23.041+0000] {standard_task_runner.py:82} INFO - Running: ['***', 'tasks', 'run', 'user_processing', 'store_user', 'scheduled__2023-04-26T00:00:00+00:00', '--job-id', '24', '--raw', '--subdir', 'DAGS_FOLDER/user_processing.py', '--cfg-path', '/tmp/tmpke206_td']
[2023-04-27T04:27:23.045+0000] {standard_task_runner.py:83} INFO - Job 24: Subtask store_user
[2023-04-27T04:27:23.157+0000] {task_command.py:376} INFO - Running <TaskInstance: user_processing.store_user scheduled__2023-04-26T00:00:00+00:00 [running]> on host b1a900116e57
[2023-04-27T04:27:23.260+0000] {taskinstance.py:1592} INFO - Exporting the following env vars:
AIRFLOW_CTX_DAG_OWNER=***
AIRFLOW_CTX_DAG_ID=user_processing
AIRFLOW_CTX_TASK_ID=store_user
AIRFLOW_CTX_EXECUTION_DATE=2023-04-26T00:00:00+00:00
AIRFLOW_CTX_TRY_NUMBER=1
AIRFLOW_CTX_DAG_RUN_ID=scheduled__2023-04-26T00:00:00+00:00
[2023-04-27T04:27:23.265+0000] {postgres.py:129} INFO - Running copy expert: COPY users FROM stdin WITH DELIMITER as ',', filename: /tmp/processed_user.csv
[2023-04-27T04:27:23.283+0000] {base.py:71} INFO - Using connection ID 'postgres' for task execution.
[2023-04-27T04:27:23.296+0000] {python.py:177} INFO - Done. Returned value was: None
[2023-04-27T04:27:23.311+0000] {taskinstance.py:1406} INFO - Marking task as SUCCESS. dag_id=user_processing, task_id=store_user, execution_date=20230426T000000, start_date=20230427T042722, end_date=20230427T042723
[2023-04-27T04:27:23.378+0000] {local_task_job.py:164} INFO - Task exited with return code 0
[2023-04-27T04:27:23.407+0000] {local_task_job.py:273} INFO - 0 downstream tasks scheduled from follow-on schedule check
