[2023-04-29T18:53:01.257+0000] {taskinstance.py:1165} INFO - Dependencies all met for <TaskInstance: parallel_dag.extract_b manual__2023-04-29T18:52:39.622344+00:00 [queued]>
[2023-04-29T18:53:01.425+0000] {taskinstance.py:1165} INFO - Dependencies all met for <TaskInstance: parallel_dag.extract_b manual__2023-04-29T18:52:39.622344+00:00 [queued]>
[2023-04-29T18:53:01.433+0000] {taskinstance.py:1362} INFO - 
--------------------------------------------------------------------------------
[2023-04-29T18:53:01.435+0000] {taskinstance.py:1363} INFO - Starting attempt 1 of 1
[2023-04-29T18:53:01.440+0000] {taskinstance.py:1364} INFO - 
--------------------------------------------------------------------------------
[2023-04-29T18:53:01.616+0000] {taskinstance.py:1383} INFO - Executing <Task(BashOperator): extract_b> on 2023-04-29 18:52:39.622344+00:00
[2023-04-29T18:53:01.650+0000] {standard_task_runner.py:55} INFO - Started process 3170 to run task
[2023-04-29T18:53:01.675+0000] {standard_task_runner.py:82} INFO - Running: ['***', 'tasks', 'run', 'parallel_dag', 'extract_b', 'manual__2023-04-29T18:52:39.622344+00:00', '--job-id', '36', '--raw', '--subdir', 'DAGS_FOLDER/parallel_dag.py', '--cfg-path', '/tmp/tmpyhy_96bz']
[2023-04-29T18:53:01.678+0000] {standard_task_runner.py:83} INFO - Job 36: Subtask extract_b
[2023-04-29T18:53:02.249+0000] {task_command.py:376} INFO - Running <TaskInstance: parallel_dag.extract_b manual__2023-04-29T18:52:39.622344+00:00 [running]> on host 5768c9b9c651
[2023-04-29T18:53:04.581+0000] {taskinstance.py:1592} INFO - Exporting the following env vars:
AIRFLOW_CTX_DAG_OWNER=***
AIRFLOW_CTX_DAG_ID=parallel_dag
AIRFLOW_CTX_TASK_ID=extract_b
AIRFLOW_CTX_EXECUTION_DATE=2023-04-29T18:52:39.622344+00:00
AIRFLOW_CTX_TRY_NUMBER=1
AIRFLOW_CTX_DAG_RUN_ID=manual__2023-04-29T18:52:39.622344+00:00
[2023-04-29T18:53:04.785+0000] {subprocess.py:63} INFO - Tmp dir root location: 
 /tmp
[2023-04-29T18:53:04.808+0000] {subprocess.py:75} INFO - Running command: ['/bin/bash', '-c', 'sleep 10']
[2023-04-29T18:53:05.290+0000] {subprocess.py:86} INFO - Output:
[2023-04-29T18:53:15.594+0000] {subprocess.py:97} INFO - Command exited with return code 0
[2023-04-29T18:53:15.697+0000] {taskinstance.py:1406} INFO - Marking task as SUCCESS. dag_id=parallel_dag, task_id=extract_b, execution_date=20230429T185239, start_date=20230429T185301, end_date=20230429T185315
[2023-04-29T18:53:15.889+0000] {local_task_job.py:164} INFO - Task exited with return code 0
[2023-04-29T18:53:16.129+0000] {local_task_job.py:273} INFO - 1 downstream tasks scheduled from follow-on schedule check
