[2023-04-28T03:02:14.877+0000] {taskinstance.py:1165} INFO - Dependencies all met for <TaskInstance: producer.update_dataset scheduled__2023-04-27T00:00:00+00:00 [queued]>
[2023-04-28T08:32:04.401+0000] {taskinstance.py:1165} INFO - Dependencies all met for <TaskInstance: producer.update_dataset scheduled__2023-04-27T00:00:00+00:00 [queued]>
[2023-04-28T08:32:04.668+0000] {taskinstance.py:1362} INFO - 
--------------------------------------------------------------------------------
[2023-04-28T08:32:04.678+0000] {taskinstance.py:1363} INFO - Starting attempt 1 of 1
[2023-04-28T08:32:04.680+0000] {taskinstance.py:1364} INFO - 
--------------------------------------------------------------------------------
[2023-04-28T08:32:06.143+0000] {taskinstance.py:1383} INFO - Executing <Task(_PythonDecoratedOperator): update_dataset> on 2023-04-27 00:00:00+00:00
[2023-04-28T08:32:06.663+0000] {standard_task_runner.py:55} INFO - Started process 41808 to run task
[2023-04-28T08:32:07.073+0000] {standard_task_runner.py:82} INFO - Running: ['***', 'tasks', 'run', 'producer', 'update_dataset', 'scheduled__2023-04-27T00:00:00+00:00', '--job-id', '28', '--raw', '--subdir', 'DAGS_FOLDER/producer.py', '--cfg-path', '/tmp/tmphhp4hdr8']
[2023-04-28T08:32:07.107+0000] {standard_task_runner.py:83} INFO - Job 28: Subtask update_dataset
[2023-04-28T08:32:09.486+0000] {task_command.py:376} INFO - Running <TaskInstance: producer.update_dataset scheduled__2023-04-27T00:00:00+00:00 [running]> on host b1a900116e57
[2023-04-28T08:32:12.762+0000] {taskinstance.py:1592} INFO - Exporting the following env vars:
AIRFLOW_CTX_DAG_OWNER=***
AIRFLOW_CTX_DAG_ID=producer
AIRFLOW_CTX_TASK_ID=update_dataset
AIRFLOW_CTX_EXECUTION_DATE=2023-04-27T00:00:00+00:00
AIRFLOW_CTX_TRY_NUMBER=1
AIRFLOW_CTX_DAG_RUN_ID=scheduled__2023-04-27T00:00:00+00:00
[2023-04-28T08:32:13.071+0000] {python.py:177} INFO - Done. Returned value was: None
[2023-04-28T08:32:14.684+0000] {warnings.py:110} WARNING - /home/***/.local/lib/python3.7/site-packages/***/models/baseoperator.py:1390: RemovedInAirflow3Warning: Passing 'execution_date' to 'TaskInstance.xcom_push()' is deprecated.
  context['ti'].xcom_push(key=key, value=value, execution_date=execution_date)

[2023-04-28T08:32:17.285+0000] {taskinstance.py:1406} INFO - Marking task as SUCCESS. dag_id=producer, task_id=update_dataset, execution_date=20230427T000000, start_date=20230428T083158, end_date=20230428T083217
[2023-04-28T08:32:23.451+0000] {local_task_job.py:164} INFO - Task exited with return code 0
[2023-04-28T08:32:24.696+0000] {local_task_job.py:273} INFO - 1 downstream tasks scheduled from follow-on schedule check
