[2023-04-27T16:49:08.412+0000] {taskinstance.py:1165} INFO - Dependencies all met for <TaskInstance: consumer.read_dataset manual__2023-04-27T16:48:49.058857+00:00 [queued]>
[2023-04-27T16:49:08.650+0000] {taskinstance.py:1165} INFO - Dependencies all met for <TaskInstance: consumer.read_dataset manual__2023-04-27T16:48:49.058857+00:00 [queued]>
[2023-04-27T16:49:08.665+0000] {taskinstance.py:1362} INFO - 
--------------------------------------------------------------------------------
[2023-04-27T16:49:08.677+0000] {taskinstance.py:1363} INFO - Starting attempt 1 of 1
[2023-04-27T16:49:08.692+0000] {taskinstance.py:1364} INFO - 
--------------------------------------------------------------------------------
[2023-04-27T16:49:08.790+0000] {taskinstance.py:1383} INFO - Executing <Task(_PythonDecoratedOperator): read_dataset> on 2023-04-27 16:48:49.058857+00:00
[2023-04-27T16:49:08.825+0000] {standard_task_runner.py:55} INFO - Started process 27444 to run task
[2023-04-27T16:49:08.861+0000] {standard_task_runner.py:82} INFO - Running: ['***', 'tasks', 'run', 'consumer', 'read_dataset', 'manual__2023-04-27T16:48:49.058857+00:00', '--job-id', '26', '--raw', '--subdir', 'DAGS_FOLDER/consumer.py', '--cfg-path', '/tmp/tmpi0v5hkez']
[2023-04-27T16:49:08.865+0000] {standard_task_runner.py:83} INFO - Job 26: Subtask read_dataset
[2023-04-27T16:49:09.210+0000] {task_command.py:376} INFO - Running <TaskInstance: consumer.read_dataset manual__2023-04-27T16:48:49.058857+00:00 [running]> on host b1a900116e57
[2023-04-27T16:49:09.732+0000] {taskinstance.py:1592} INFO - Exporting the following env vars:
AIRFLOW_CTX_DAG_OWNER=***
AIRFLOW_CTX_DAG_ID=consumer
AIRFLOW_CTX_TASK_ID=read_dataset
AIRFLOW_CTX_EXECUTION_DATE=2023-04-27T16:48:49.058857+00:00
AIRFLOW_CTX_TRY_NUMBER=1
AIRFLOW_CTX_DAG_RUN_ID=manual__2023-04-27T16:48:49.058857+00:00
[2023-04-27T16:49:09.738+0000] {logging_mixin.py:120} INFO - producer update
[2023-04-27T16:49:09.740+0000] {python.py:177} INFO - Done. Returned value was: None
[2023-04-27T16:49:09.778+0000] {taskinstance.py:1406} INFO - Marking task as SUCCESS. dag_id=consumer, task_id=read_dataset, execution_date=20230427T164849, start_date=20230427T164908, end_date=20230427T164909
[2023-04-27T16:49:09.893+0000] {local_task_job.py:164} INFO - Task exited with return code 0
[2023-04-27T16:49:09.940+0000] {local_task_job.py:273} INFO - 0 downstream tasks scheduled from follow-on schedule check
