[2023-04-28T08:33:35.583+0000] {taskinstance.py:1165} INFO - Dependencies all met for <TaskInstance: consumer.read_dataset dataset_triggered__2023-04-28T08:33:18.804331+00:00 [queued]>
[2023-04-28T08:33:35.752+0000] {taskinstance.py:1165} INFO - Dependencies all met for <TaskInstance: consumer.read_dataset dataset_triggered__2023-04-28T08:33:18.804331+00:00 [queued]>
[2023-04-28T08:33:35.759+0000] {taskinstance.py:1362} INFO - 
--------------------------------------------------------------------------------
[2023-04-28T08:33:35.763+0000] {taskinstance.py:1363} INFO - Starting attempt 1 of 1
[2023-04-28T08:33:35.765+0000] {taskinstance.py:1364} INFO - 
--------------------------------------------------------------------------------
[2023-04-28T08:33:35.839+0000] {taskinstance.py:1383} INFO - Executing <Task(_PythonDecoratedOperator): read_dataset> on 2023-04-28 08:33:18.804331+00:00
[2023-04-28T08:33:36.039+0000] {standard_task_runner.py:55} INFO - Started process 41853 to run task
[2023-04-28T08:33:36.097+0000] {standard_task_runner.py:82} INFO - Running: ['***', 'tasks', 'run', 'consumer', 'read_dataset', 'dataset_triggered__2023-04-28T08:33:18.804331+00:00', '--job-id', '30', '--raw', '--subdir', 'DAGS_FOLDER/consumer.py', '--cfg-path', '/tmp/tmpclmiatf0']
[2023-04-28T08:33:36.117+0000] {standard_task_runner.py:83} INFO - Job 30: Subtask read_dataset
[2023-04-28T08:33:36.539+0000] {task_command.py:376} INFO - Running <TaskInstance: consumer.read_dataset dataset_triggered__2023-04-28T08:33:18.804331+00:00 [running]> on host b1a900116e57
[2023-04-28T08:33:36.843+0000] {taskinstance.py:1592} INFO - Exporting the following env vars:
AIRFLOW_CTX_DAG_OWNER=***
AIRFLOW_CTX_DAG_ID=consumer
AIRFLOW_CTX_TASK_ID=read_dataset
AIRFLOW_CTX_EXECUTION_DATE=2023-04-28T08:33:18.804331+00:00
AIRFLOW_CTX_TRY_NUMBER=1
AIRFLOW_CTX_DAG_RUN_ID=dataset_triggered__2023-04-28T08:33:18.804331+00:00
[2023-04-28T08:33:36.853+0000] {logging_mixin.py:120} INFO - producer updateproducer update
[2023-04-28T08:33:36.862+0000] {python.py:177} INFO - Done. Returned value was: None
[2023-04-28T08:33:36.901+0000] {taskinstance.py:1406} INFO - Marking task as SUCCESS. dag_id=consumer, task_id=read_dataset, execution_date=20230428T083318, start_date=20230428T083335, end_date=20230428T083336
[2023-04-28T08:33:37.029+0000] {local_task_job.py:164} INFO - Task exited with return code 0
[2023-04-28T08:33:37.102+0000] {local_task_job.py:273} INFO - 0 downstream tasks scheduled from follow-on schedule check
