[2023-04-27T04:27:20.305+0000] {taskinstance.py:1165} INFO - Dependencies all met for <TaskInstance: user_processing.process_user scheduled__2023-04-26T00:00:00+00:00 [queued]>
[2023-04-27T04:27:20.338+0000] {taskinstance.py:1165} INFO - Dependencies all met for <TaskInstance: user_processing.process_user scheduled__2023-04-26T00:00:00+00:00 [queued]>
[2023-04-27T04:27:20.342+0000] {taskinstance.py:1362} INFO - 
--------------------------------------------------------------------------------
[2023-04-27T04:27:20.344+0000] {taskinstance.py:1363} INFO - Starting attempt 1 of 1
[2023-04-27T04:27:20.345+0000] {taskinstance.py:1364} INFO - 
--------------------------------------------------------------------------------
[2023-04-27T04:27:20.389+0000] {taskinstance.py:1383} INFO - Executing <Task(PythonOperator): process_user> on 2023-04-26 00:00:00+00:00
[2023-04-27T04:27:20.409+0000] {standard_task_runner.py:55} INFO - Started process 7158 to run task
[2023-04-27T04:27:20.422+0000] {standard_task_runner.py:82} INFO - Running: ['***', 'tasks', 'run', 'user_processing', 'process_user', 'scheduled__2023-04-26T00:00:00+00:00', '--job-id', '23', '--raw', '--subdir', 'DAGS_FOLDER/user_processing.py', '--cfg-path', '/tmp/tmp51rdrg0b']
[2023-04-27T04:27:20.429+0000] {standard_task_runner.py:83} INFO - Job 23: Subtask process_user
[2023-04-27T04:27:20.618+0000] {task_command.py:376} INFO - Running <TaskInstance: user_processing.process_user scheduled__2023-04-26T00:00:00+00:00 [running]> on host b1a900116e57
[2023-04-27T04:27:20.805+0000] {taskinstance.py:1592} INFO - Exporting the following env vars:
AIRFLOW_CTX_DAG_OWNER=***
AIRFLOW_CTX_DAG_ID=user_processing
AIRFLOW_CTX_TASK_ID=process_user
AIRFLOW_CTX_EXECUTION_DATE=2023-04-26T00:00:00+00:00
AIRFLOW_CTX_TRY_NUMBER=1
AIRFLOW_CTX_DAG_RUN_ID=scheduled__2023-04-26T00:00:00+00:00
[2023-04-27T04:27:20.942+0000] {python.py:177} INFO - Done. Returned value was: None
[2023-04-27T04:27:20.963+0000] {taskinstance.py:1406} INFO - Marking task as SUCCESS. dag_id=user_processing, task_id=process_user, execution_date=20230426T000000, start_date=20230427T042720, end_date=20230427T042720
[2023-04-27T04:27:21.045+0000] {local_task_job.py:164} INFO - Task exited with return code 0
[2023-04-27T04:27:21.109+0000] {local_task_job.py:273} INFO - 1 downstream tasks scheduled from follow-on schedule check
