[2023-04-23T20:23:24.563+0000] {taskinstance.py:1165} INFO - Dependencies all met for <TaskInstance: example_bash_operator.runme_0 scheduled__2023-04-22T00:00:00+00:00 [queued]>
[2023-04-23T20:23:25.210+0000] {taskinstance.py:1165} INFO - Dependencies all met for <TaskInstance: example_bash_operator.runme_0 scheduled__2023-04-22T00:00:00+00:00 [queued]>
[2023-04-23T20:23:25.311+0000] {taskinstance.py:1362} INFO - 
--------------------------------------------------------------------------------
[2023-04-23T20:23:25.543+0000] {taskinstance.py:1363} INFO - Starting attempt 1 of 1
[2023-04-23T20:23:25.816+0000] {taskinstance.py:1364} INFO - 
--------------------------------------------------------------------------------
[2023-04-23T20:23:27.915+0000] {taskinstance.py:1383} INFO - Executing <Task(BashOperator): runme_0> on 2023-04-22 00:00:00+00:00
[2023-04-23T20:23:29.368+0000] {standard_task_runner.py:55} INFO - Started process 15626 to run task
[2023-04-23T20:23:29.637+0000] {standard_task_runner.py:82} INFO - Running: ['***', 'tasks', 'run', 'example_bash_operator', 'runme_0', 'scheduled__2023-04-22T00:00:00+00:00', '--job-id', '4', '--raw', '--subdir', '/home/***/.local/lib/python3.7/site-packages/***/example_dags/example_bash_operator.py', '--cfg-path', '/tmp/tmpgo80xxj0']
[2023-04-23T20:23:29.660+0000] {standard_task_runner.py:83} INFO - Job 4: Subtask runme_0
[2023-04-23T20:23:34.292+0000] {task_command.py:376} INFO - Running <TaskInstance: example_bash_operator.runme_0 scheduled__2023-04-22T00:00:00+00:00 [running]> on host b1a900116e57
[2023-04-23T20:23:39.612+0000] {taskinstance.py:1592} INFO - Exporting the following env vars:
AIRFLOW_CTX_DAG_OWNER=***
AIRFLOW_CTX_DAG_ID=example_bash_operator
AIRFLOW_CTX_TASK_ID=runme_0
AIRFLOW_CTX_EXECUTION_DATE=2023-04-22T00:00:00+00:00
AIRFLOW_CTX_TRY_NUMBER=1
AIRFLOW_CTX_DAG_RUN_ID=scheduled__2023-04-22T00:00:00+00:00
[2023-04-23T20:23:40.223+0000] {subprocess.py:63} INFO - Tmp dir root location: 
 /tmp
[2023-04-23T20:23:40.371+0000] {subprocess.py:75} INFO - Running command: ['/bin/bash', '-c', 'echo "example_bash_operator__runme_0__20230422" && sleep 1']
[2023-04-23T20:23:40.836+0000] {subprocess.py:86} INFO - Output:
[2023-04-23T20:23:40.974+0000] {subprocess.py:93} INFO - example_bash_operator__runme_0__20230422
[2023-04-23T20:23:42.081+0000] {subprocess.py:97} INFO - Command exited with return code 0
[2023-04-23T20:23:42.496+0000] {taskinstance.py:1406} INFO - Marking task as SUCCESS. dag_id=example_bash_operator, task_id=runme_0, execution_date=20230422T000000, start_date=20230423T202324, end_date=20230423T202342
[2023-04-23T20:23:43.570+0000] {local_task_job.py:164} INFO - Task exited with return code 0
[2023-04-23T20:23:44.115+0000] {local_task_job.py:273} INFO - 0 downstream tasks scheduled from follow-on schedule check
