[2023-04-27T16:48:51.402+0000] {taskinstance.py:1165} INFO - Dependencies all met for <TaskInstance: producer.update_dataset manual__2023-04-27T16:48:44.013028+00:00 [queued]>
[2023-04-27T16:48:51.947+0000] {taskinstance.py:1165} INFO - Dependencies all met for <TaskInstance: producer.update_dataset manual__2023-04-27T16:48:44.013028+00:00 [queued]>
[2023-04-27T16:48:52.059+0000] {taskinstance.py:1362} INFO - 
--------------------------------------------------------------------------------
[2023-04-27T16:48:52.106+0000] {taskinstance.py:1363} INFO - Starting attempt 1 of 1
[2023-04-27T16:48:52.182+0000] {taskinstance.py:1364} INFO - 
--------------------------------------------------------------------------------
[2023-04-27T16:48:53.494+0000] {taskinstance.py:1383} INFO - Executing <Task(_PythonDecoratedOperator): update_dataset> on 2023-04-27 16:48:44.013028+00:00
[2023-04-27T16:48:53.737+0000] {standard_task_runner.py:55} INFO - Started process 27433 to run task
[2023-04-27T16:48:53.861+0000] {standard_task_runner.py:82} INFO - Running: ['***', 'tasks', 'run', 'producer', 'update_dataset', 'manual__2023-04-27T16:48:44.013028+00:00', '--job-id', '25', '--raw', '--subdir', 'DAGS_FOLDER/producer.py', '--cfg-path', '/tmp/tmpukt4go4t']
[2023-04-27T16:48:53.878+0000] {standard_task_runner.py:83} INFO - Job 25: Subtask update_dataset
[2023-04-27T16:48:57.326+0000] {task_command.py:376} INFO - Running <TaskInstance: producer.update_dataset manual__2023-04-27T16:48:44.013028+00:00 [running]> on host b1a900116e57
[2023-04-27T16:49:01.689+0000] {taskinstance.py:1592} INFO - Exporting the following env vars:
AIRFLOW_CTX_DAG_OWNER=***
AIRFLOW_CTX_DAG_ID=producer
AIRFLOW_CTX_TASK_ID=update_dataset
AIRFLOW_CTX_EXECUTION_DATE=2023-04-27T16:48:44.013028+00:00
AIRFLOW_CTX_TRY_NUMBER=1
AIRFLOW_CTX_DAG_RUN_ID=manual__2023-04-27T16:48:44.013028+00:00
[2023-04-27T16:49:01.791+0000] {python.py:177} INFO - Done. Returned value was: None
[2023-04-27T16:49:01.986+0000] {warnings.py:110} WARNING - /home/***/.local/lib/python3.7/site-packages/***/models/baseoperator.py:1390: RemovedInAirflow3Warning: Passing 'execution_date' to 'TaskInstance.xcom_push()' is deprecated.
  context['ti'].xcom_push(key=key, value=value, execution_date=execution_date)

[2023-04-27T16:49:02.078+0000] {taskinstance.py:1406} INFO - Marking task as SUCCESS. dag_id=producer, task_id=update_dataset, execution_date=20230427T164844, start_date=20230427T164851, end_date=20230427T164902
[2023-04-27T16:49:05.142+0000] {local_task_job.py:164} INFO - Task exited with return code 0
[2023-04-27T16:49:06.190+0000] {local_task_job.py:273} INFO - 0 downstream tasks scheduled from follow-on schedule check
