[2023-04-29T18:53:01.244+0000] {taskinstance.py:1165} INFO - Dependencies all met for <TaskInstance: parallel_dag.extract_a manual__2023-04-29T18:52:39.622344+00:00 [queued]>
[2023-04-29T18:53:01.421+0000] {taskinstance.py:1165} INFO - Dependencies all met for <TaskInstance: parallel_dag.extract_a manual__2023-04-29T18:52:39.622344+00:00 [queued]>
[2023-04-29T18:53:01.432+0000] {taskinstance.py:1362} INFO - 
--------------------------------------------------------------------------------
[2023-04-29T18:53:01.437+0000] {taskinstance.py:1363} INFO - Starting attempt 1 of 1
[2023-04-29T18:53:01.445+0000] {taskinstance.py:1364} INFO - 
--------------------------------------------------------------------------------
[2023-04-29T18:53:01.639+0000] {taskinstance.py:1383} INFO - Executing <Task(BashOperator): extract_a> on 2023-04-29 18:52:39.622344+00:00
[2023-04-29T18:53:01.684+0000] {standard_task_runner.py:55} INFO - Started process 3171 to run task
[2023-04-29T18:53:01.699+0000] {standard_task_runner.py:82} INFO - Running: ['***', 'tasks', 'run', 'parallel_dag', 'extract_a', 'manual__2023-04-29T18:52:39.622344+00:00', '--job-id', '37', '--raw', '--subdir', 'DAGS_FOLDER/parallel_dag.py', '--cfg-path', '/tmp/tmpefyfb_6v']
[2023-04-29T18:53:01.702+0000] {standard_task_runner.py:83} INFO - Job 37: Subtask extract_a
[2023-04-29T18:53:02.398+0000] {task_command.py:376} INFO - Running <TaskInstance: parallel_dag.extract_a manual__2023-04-29T18:52:39.622344+00:00 [running]> on host 5768c9b9c651
[2023-04-29T18:53:05.268+0000] {taskinstance.py:1592} INFO - Exporting the following env vars:
AIRFLOW_CTX_DAG_OWNER=***
AIRFLOW_CTX_DAG_ID=parallel_dag
AIRFLOW_CTX_TASK_ID=extract_a
AIRFLOW_CTX_EXECUTION_DATE=2023-04-29T18:52:39.622344+00:00
AIRFLOW_CTX_TRY_NUMBER=1
AIRFLOW_CTX_DAG_RUN_ID=manual__2023-04-29T18:52:39.622344+00:00
[2023-04-29T18:53:05.444+0000] {subprocess.py:63} INFO - Tmp dir root location: 
 /tmp
[2023-04-29T18:53:05.512+0000] {subprocess.py:75} INFO - Running command: ['/bin/bash', '-c', 'sleep 10']
[2023-04-29T18:53:05.711+0000] {subprocess.py:86} INFO - Output:
[2023-04-29T18:53:15.715+0000] {subprocess.py:97} INFO - Command exited with return code 0
[2023-04-29T18:53:15.927+0000] {taskinstance.py:1406} INFO - Marking task as SUCCESS. dag_id=parallel_dag, task_id=extract_a, execution_date=20230429T185239, start_date=20230429T185301, end_date=20230429T185315
[2023-04-29T18:53:16.093+0000] {local_task_job.py:164} INFO - Task exited with return code 0
[2023-04-29T18:53:16.313+0000] {local_task_job.py:273} INFO - 1 downstream tasks scheduled from follow-on schedule check
